#
# There is insufficient memory for the Java Runtime Environment to continue.
# Native memory allocation (mmap) failed to map 134217728 bytes for G1 virtual space
# Possible reasons:
#   The system is out of physical RAM or swap space
#   The process is running with CompressedOops enabled, and the Java Heap may be blocking the growth of the native heap
# Possible solutions:
#   Reduce memory load on the system
#   Increase physical memory or swap space
#   Check if swap backing store is full
#   Decrease Java heap size (-Xmx/-Xms)
#   Decrease number of Java threads
#   Decrease Java thread stack sizes (-Xss)
#   Set larger code cache with -XX:ReservedCodeCacheSize=
#   JVM is running with Unscaled Compressed Oops mode in which the Java heap is
#     placed in the first 4GB address space. The Java Heap base address is the
#     maximum limit for the native heap growth. Please use -XX:HeapBaseMinAddress
#     to set the Java Heap base and to place the Java Heap above 4GB virtual address.
# This output file may be truncated or incomplete.
#
#  Out of Memory Error (os_windows.cpp:3536), pid=3476, tid=27548
#
# JRE version:  (19.0.2+7) (build )
# Java VM: Java HotSpot(TM) 64-Bit Server VM (19.0.2+7-44, mixed mode, sharing, tiered, compressed oops, compressed class ptrs, g1 gc, windows-amd64)
# No core dump will be written. Minidumps are not enabled by default on client versions of Windows
#

---------------  S U M M A R Y ------------

Command Line: -Dfile.encoding=UTF-8 ASimulatorSystem.Transactions

Host: Intel(R) Core(TM) i5-8250U CPU @ 1.60GHz, 8 cores, 7G,  Windows 10 , 64 bit Build 19041 (10.0.19041.2364)
Time: Sun Jan 22 19:23:07 2023 India Standard Time elapsed time: 0.029343 seconds (0d 0h 0m 0s)

---------------  T H R E A D  ---------------

Current thread (0x000002392115e2c0):  JavaThread "Unknown thread" [_thread_in_vm, id=27548, stack(0x0000007535f00000,0x0000007536000000)]

Stack: [0x0000007535f00000,0x0000007536000000]
Native frames: (J=compiled Java code, j=interpreted, Vv=VM code, C=native code)
V  [jvm.dll+0x6ee21a]
V  [jvm.dll+0x85765e]
V  [jvm.dll+0x85904e]
V  [jvm.dll+0x859703]
V  [jvm.dll+0x28298f]
V  [jvm.dll+0x6eb009]
V  [jvm.dll+0x6dfbaa]
V  [jvm.dll+0x3573f6]
V  [jvm.dll+0x35ee56]
V  [jvm.dll+0x3b541e]
V  [jvm.dll+0x3b564f]
V  [jvm.dll+0x32c9ea]
V  [jvm.dll+0x32d89e]
V  [jvm.dll+0x821780]
V  [jvm.dll+0x3c2661]
V  [jvm.dll+0x801f51]
V  [jvm.dll+0x44ae8f]
V  [jvm.dll+0x44c811]
C  [jli.dll+0x5287]
C  [ucrtbase.dll+0x21bb2]
C  [KERNEL32.DLL+0x17614]
C  [ntdll.dll+0x526a1]


---------------  P R O C E S S  ---------------

Threads class SMR info:
_java_thread_list=0x00007ffb0866d048, length=0, elements={
}

Java Threads: ( => current thread )

Other Threads:
  0x00000239232ea930 WorkerThread "GC Thread#0" [stack: 0x0000007536000000,0x0000007536100000] [id=25280]
  0x00000239232fde40 ConcurrentGCThread "G1 Main Marker" [stack: 0x0000007536100000,0x0000007536200000] [id=22688]
  0x00000239232ff930 WorkerThread "G1 Conc#0" [stack: 0x0000007536200000,0x0000007536300000] [id=25988]

[error occurred during error reporting (printing all threads), id 0xc0000005, EXCEPTION_ACCESS_VIOLATION (0xc0000005) at pc=0x00007ffb07e2d427]

VM state: not at safepoint (not fully initialized)

VM Mutex/Monitor currently owned by a thread:  ([mutex/lock_event])
[0x000002392328aaf0] Heap_lock - owner thread: 0x000002392115e2c0

Heap address: 0x0000000081600000, size: 2026 MB, Compressed Oops mode: 32-bit

CDS archive(s) mapped at: [0x0000000000000000-0x0000000000000000-0x0000000000000000), size 0, SharedBaseAddress: 0x0000000800000000, ArchiveRelocationMode: 0.
Narrow klass base: 0x0000000000000000, Narrow klass shift: 0, Narrow klass range: 0x0

GC Precious Log:
 CardTable entry size: 512
 Card Set container configuration: InlinePtr #cards 5 size 8 Array Of Cards #cards 12 size 40 Howl #buckets 4 coarsen threshold 1843 Howl Bitmap #cards 512 size 80 coarsen threshold 460 Card regions per heap region 1 cards per card region 2048

Heap:
 garbage-first heap   total 0K, used 0K [0x0000000081600000, 0x0000000100000000)
  region size 1024K, 0 young (0K), 0 survivors (0K)

[error occurred during error reporting (printing heap information), id 0xc0000005, EXCEPTION_ACCESS_VIOLATION (0xc0000005) at pc=0x00007ffb08236649]

GC Heap History (0 events):
No events

Dll operation events (1 events):
Event: 0.016 Loaded shared library C:\Program Files\Java\jdk-19\bin\java.dll

Deoptimization events (0 events):
No events

Classes loaded (0 events):
No events

Classes unloaded (0 events):
No events

Classes redefined (0 events):
No events

Internal exceptions (0 events):
No events

VM Operations (0 events):
No events

Events (0 events):
No events


Dynamic libraries:
0x00007ff781d50000 - 0x00007ff781d60000 	C:\Program Files\Java\jdk-19\bin\java.exe
0x00007ffb71a50000 - 0x00007ffb71c48000 	C:\Windows\SYSTEM32\ntdll.dll
0x00007ffb6fe70000 - 0x00007ffb6ff2f000 	C:\Windows\System32\KERNEL32.DLL
0x00007ffb6f340000 - 0x00007ffb6f612000 	C:\Windows\System32\KERNELBASE.dll
0x00007ffb6f750000 - 0x00007ffb6f850000 	C:\Windows\System32\ucrtbase.dll
0x00007ffb69af0000 - 0x00007ffb69b08000 	C:\Program Files\Java\jdk-19\bin\jli.dll
0x00007ffb69ad0000 - 0x00007ffb69aeb000 	C:\Program Files\Java\jdk-19\bin\VCRUNTIME140.dll
0x00007ffb6fc90000 - 0x00007ffb6fd3e000 	C:\Windows\System32\ADVAPI32.dll
0x00007ffb711e0000 - 0x00007ffb7127e000 	C:\Windows\System32\msvcrt.dll
0x00007ffb702c0000 - 0x00007ffb7035c000 	C:\Windows\System32\sechost.dll
0x00007ffb6fb60000 - 0x00007ffb6fc85000 	C:\Windows\System32\RPCRT4.dll
0x00007ffb71280000 - 0x00007ffb71421000 	C:\Windows\System32\USER32.dll
0x00007ffb6f140000 - 0x00007ffb6f162000 	C:\Windows\System32\win32u.dll
0x00007ffb6fa90000 - 0x00007ffb6fabb000 	C:\Windows\System32\GDI32.dll
0x00007ffb568e0000 - 0x00007ffb56b7a000 	C:\Windows\WinSxS\amd64_microsoft.windows.common-controls_6595b64144ccf1df_6.0.19041.1110_none_60b5254171f9507e\COMCTL32.dll
0x00007ffb6f850000 - 0x00007ffb6f95f000 	C:\Windows\System32\gdi32full.dll
0x00007ffb6f620000 - 0x00007ffb6f6bd000 	C:\Windows\System32\msvcp_win.dll
0x00007ffb6af70000 - 0x00007ffb6af7a000 	C:\Windows\SYSTEM32\VERSION.dll
0x00007ffb714a0000 - 0x00007ffb714d2000 	C:\Windows\System32\IMM32.DLL
0x00007ffb698c0000 - 0x00007ffb698cc000 	C:\Program Files\Java\jdk-19\bin\vcruntime140_1.dll
0x00007ffb35b00000 - 0x00007ffb35b8e000 	C:\Program Files\Java\jdk-19\bin\msvcp140.dll
0x00007ffb07af0000 - 0x00007ffb087b0000 	C:\Program Files\Java\jdk-19\bin\server\jvm.dll
0x00007ffb594f0000 - 0x00007ffb59517000 	C:\Windows\SYSTEM32\WINMM.dll
0x00007ffb69bf0000 - 0x00007ffb69bf9000 	C:\Windows\SYSTEM32\WSOCK32.dll
0x00007ffb71430000 - 0x00007ffb7149b000 	C:\Windows\System32\WS2_32.dll
0x00007ffb6d940000 - 0x00007ffb6d952000 	C:\Windows\SYSTEM32\kernel.appcore.dll
0x00007ffb698b0000 - 0x00007ffb698ba000 	C:\Program Files\Java\jdk-19\bin\jimage.dll
0x00007ffb6cec0000 - 0x00007ffb6d0a4000 	C:\Windows\SYSTEM32\DBGHELP.DLL
0x00007ffb59d70000 - 0x00007ffb59da5000 	C:\Windows\SYSTEM32\dbgcore.DLL
0x00007ffb6f6c0000 - 0x00007ffb6f742000 	C:\Windows\System32\bcryptPrimitives.dll
0x00007ffb66a80000 - 0x00007ffb66aa6000 	C:\Program Files\Java\jdk-19\bin\java.dll

dbghelp: loaded successfully - version: 4.0.5 - missing functions: none
symbol engine: initialized successfully - sym options: 0x614 - pdb path: .;C:\Program Files\Java\jdk-19\bin;C:\Windows\SYSTEM32;C:\Windows\WinSxS\amd64_microsoft.windows.common-controls_6595b64144ccf1df_6.0.19041.1110_none_60b5254171f9507e;C:\Program Files\Java\jdk-19\bin\server

VM Arguments:
jvm_args: -Dfile.encoding=UTF-8 
java_command: ASimulatorSystem.Transactions
java_class_path (initial): C:\Users\mahim\Downloads\ATM-Simulator-System-master\ATM-Simulator-System\lib\mysql-connector-java-8.0.28 (1).jar;C:\Users\mahim\Downloads\ATM-Simulator-System-master\ATM-Simulator-System\lib\jcalendar-tz-1.3.3-4.jar;C:\Users\mahim\Downloads\ATM-Simulator-System-master\ATM-Simulator-System\build\classes
Launcher Type: SUN_STANDARD

[Global flags]
     intx CICompilerCount                          = 4                                         {product} {ergonomic}
     uint ConcGCThreads                            = 2                                         {product} {ergonomic}
     uint G1ConcRefinementThreads                  = 8                                         {product} {ergonomic}
   size_t G1HeapRegionSize                         = 1048576                                   {product} {ergonomic}
    uintx GCDrainStackTargetSize                   = 64                                        {product} {ergonomic}
   size_t InitialHeapSize                          = 134217728                                 {product} {ergonomic}
   size_t MarkStackSize                            = 4194304                                   {product} {ergonomic}
   size_t MaxHeapSize                              = 2124414976                                {product} {ergonomic}
   size_t MinHeapDeltaBytes                        = 1048576                                   {product} {ergonomic}
   size_t MinHeapSize                              = 8388608                                   {product} {ergonomic}
    uintx NonNMethodCodeHeapSize                   = 5839372                                {pd product} {ergonomic}
    uintx NonProfiledCodeHeapSize                  = 122909434                              {pd product} {ergonomic}
    uintx ProfiledCodeHeapSize                     = 122909434                              {pd product} {ergonomic}
    uintx ReservedCodeCacheSize                    = 251658240                              {pd product} {ergonomic}
     bool SegmentedCodeCache                       = true                                      {product} {ergonomic}
   size_t SoftMaxHeapSize                          = 2124414976                             {manageable} {ergonomic}
     bool UseCompressedClassPointers               = true                           {product lp64_product} {ergonomic}
     bool UseCompressedOops                        = true                           {product lp64_product} {ergonomic}
     bool UseG1GC                                  = true                                      {product} {ergonomic}
     bool UseLargePagesIndividualAllocation        = false                                  {pd product} {ergonomic}

Logging:
Log output configuration:
 #0: stdout all=warning uptime,level,tags foldmultilines=false
 #1: stderr all=off uptime,level,tags foldmultilines=false

Environment Variables:
JAVA_HOME=C:\Program Files\Java\jdk1.8.0_202\bin
PATH=C:\Program Files\Common Files\Oracle\Java\javapath;C:\Program Files (x86)\Common Files\Oracle\Java\javapath;C:\Windows\system32;C:\Windows;C:\Windows\System32\Wbem;C:\Windows\System32\WindowsPowerShell\v1.0\;C:\Windows\System32\OpenSSH\;C:\Program Files\nodejs\;C:\Program Files\Microsoft SQL Server\Client SDK\ODBC\170\Tools\Binn\;C:\Program Files (x86)\Microsoft SQL Server\150\Tools\Binn\;C:\Program Files\Microsoft SQL Server\150\Tools\Binn\;C:\Program Files\Microsoft SQL Server\150\DTS\Binn\;C:\Program Files (x86)\Microsoft SQL Server\150\DTS\Binn\;C:\Program Files\Azure Data Studio\bin;C:\Program Files\Java\jre1.8.0_202\bin;C:\Program Files\Java\jdk1.8.0_202\bin;C:\Users\mahim\AppData\Local\Microsoft\WindowsApps;;C:\Users\mahim\AppData\Local\Programs\Microsoft VS Code\bin;C:\Users\mahim\AppData\Roaming\npm;C:\Program Files\Azure Data Studio\bin
USERNAME=mahim
OS=Windows_NT
PROCESSOR_IDENTIFIER=Intel64 Family 6 Model 142 Stepping 10, GenuineIntel
TMP=C:\Users\mahim\AppData\Local\Temp
TEMP=C:\Users\mahim\AppData\Local\Temp



---------------  S Y S T E M  ---------------

OS:
 Windows 10 , 64 bit Build 19041 (10.0.19041.2364)
OS uptime: 6 days 4:30 hours

CPU: total 8 (initial active 8) (4 cores per cpu, 2 threads per core) family 6 model 142 stepping 10 microcode 0xe0, cx8, cmov, fxsr, ht, mmx, 3dnowpref, sse, sse2, sse3, ssse3, sse4.1, sse4.2, popcnt, lzcnt, tsc, tscinvbit, avx, avx2, aes, erms, clmul, bmi1, bmi2, adx, fma, vzeroupper, clflush, clflushopt, rdtscp

Memory: 4k page, system-wide physical 8103M (381M free)
TotalPageFile size 32679M (AvailPageFile size 122M)
current process WorkingSet (physical memory assigned to process): 11M, peak: 11M
current process commit charge ("private bytes"): 60M, peak: 188M

vm_info: Java HotSpot(TM) 64-Bit Server VM (19.0.2+7-44) for windows-amd64 JRE (19.0.2+7-44), built on 2022-11-30T18:02:09Z by "mach5one" with MS VC++ 17.1 (VS2022)

END.
